[onstore-apphack.github.io/store_search/index.html]
[backblue.gif]
[fade.gif]
[index.html]
[codepen.io/assets/libs/fullpage/jquery-ui.css]
[onstore-apphack.github.io/store_search/js/prefixfree.min.js]
[onstore-apphack.github.io/store_search/js/index.js]
[onstore-apphack.github.io/store_search/index.html]
[codepen.io/assets/libs/fullpage/images/ui-bg_flat_75_ffffff_40x100.4.delayed]
[codepen.io/assets/libs/fullpage/images/ui-bg_highlight-soft_75_cccccc_1x100.png]
[codepen.io/assets/libs/fullpage/jquery_and_jqueryui.js]
[codepen.io/assets/libs/fullpage/images/ui-bg_glass_75_e6e6e6_1x400.png]
[codepen.io/assets/libs/fullpage/images/ui-bg_glass_75_dadada_1x400.png]
[codepen.io/assets/libs/fullpage/images/ui-bg_glass_65_ffffff_1x400.png]
[codepen.io/assets/libs/fullpage/images/ui-bg_glass_55_fbf9ee_1x400.png]
[codepen.io/assets/libs/fullpage/images/ui-bg_glass_95_fef1ec_1x400.png]
[codepen.io/assets/libs/fullpage/images/ui-icons_222222_256x240.png]
[codepen.io/assets/libs/fullpage/images/ui-icons_888888_256x240.c.delayed]
[codepen.io/assets/libs/fullpage/images/ui-icons_454545_256x240.png]
[codepen.io/assets/libs/fullpage/images/ui-icons_2e83ff_256x240.png]
[codepen.io/assets/libs/fullpage/images/ui-icons_cd0a0a_256x240.png]
[codepen.io/assets/libs/fullpage/images/ui-bg_flat_0_aaaaaa_40x100.png]
[codepen.io/assets/libs/fullpage/jquery-ui.css]
[codepen.io/assets/libs/fullpage/jquery_and_jqueryui.js]
[codepen.io/assets/libs/fullpage/images/ui-bg_flat_75_ffffff_40x100.html]
[codepen.io/assets/libs/fullpage/images/ui-bg_highlight-soft_75_cccccc_1x100.html]
[codepen.io/assets/libs/fullpage/images/ui-bg_glass_75_e6e6e6_1x400.html]
[codepen.io/assets/libs/fullpage/images/ui-bg_glass_75_dadada_1x400.html]
[codepen.io/assets/libs/fullpage/images/ui-bg_glass_55_fbf9ee_1x400.html]
[codepen.io/assets/libs/fullpage/images/ui-bg_glass_95_fef1ec_1x400.html]
[codepen.io/assets/libs/fullpage/images/ui-icons_888888_256x240.html]
[codepen.io/assets/libs/fullpage/images/ui-icons_454545_256x240.html]
[codepen.io/assets/libs/fullpage/images/ui-icons_2e83ff_256x240.html]
[codepen.io/assets/libs/fullpage/images/ui-icons_cd0a0a_256x240.html]
[codepen.io/assets/libs/fullpage/images/ui-bg_flat_0_aaaaaa_40x100.html]
